[27/01/2023 00:32:00] [Init] Starting chatbot...
[27/01/2023 00:32:18] [Start] Fluxo de conversação possui (2 respostas),    Rodando...
[27/01/2023 00:33:43] [Init] Starting chatbot...
[27/01/2023 00:33:57] [Start] Fluxo de conversação possui (2 respostas),    Rodando...
[27/01/2023 00:41:52] [Recebido] de: 556593291981@c.us, reply_id: 1, parent: 0, pattern: /hi/, input: hi
[27/01/2023 00:42:13] [Recebido] de: 556593291981@c.us, reply_id: 2, parent: 1, pattern: /test/, input: test
[27/01/2023 00:56:38] [Init] Starting chatbot...
[27/01/2023 00:56:55] [Start] Fluxo de conversação possui (2 respostas),    Rodando...
[27/01/2023 01:00:17] [Recebido] de: 556593291981@c.us, reply_id: 1, parent: 0, pattern: /hi/, input: hi
[27/01/2023 01:01:39] [Init] Starting chatbot...
[27/01/2023 01:01:54] [Start] Fluxo de conversação possui (2 respostas),    Rodando...
[27/01/2023 01:04:32] [Recebido] de: 556593291981@c.us, reply_id: 1, parent: 0, pattern: /hi/, input: hi
[28/01/2023 00:23:03] [Init] Starting chatbot...
[28/01/2023 00:23:21] [Start] Fluxo de conversação possui (2 respostas),    Rodando...
[31/01/2023 21:30:06] [Init] Starting chatbot...
[31/01/2023 21:30:29] [Init] Starting chatbot...
[31/01/2023 21:35:17] [Init] Starting chatbot...
[31/01/2023 21:38:25] [Init] Starting chatbot...
[31/01/2023 21:39:00] [Init] Starting chatbot...
[31/01/2023 21:40:20] [Init] Starting chatbot...
[31/01/2023 21:41:33] [Init] Starting chatbot...
[31/01/2023 21:42:31] [Start] Fluxo de conversação possui (2 respostas),    Rodando...
[31/01/2023 21:46:59] [Init] Starting chatbot...
[31/01/2023 21:47:46] [Start] Fluxo de conversação possui (2 respostas),    Rodando...
[31/01/2023 21:55:21] [Init] Starting chatbot...
[31/01/2023 21:56:07] [Start] Fluxo de conversação possui (2 respostas),    Rodando...
[31/01/2023 21:56:30] [Recebido] de: 556593291981@c.us, reply_id: 1, parent: 0, pattern: /hi/, input: hi
[31/01/2023 21:59:41] [Init] Starting chatbot...
[31/01/2023 21:59:56] [Start] Fluxo de conversação possui (2 respostas),    Rodando...
[31/01/2023 22:02:10] [Init] Starting chatbot...
[31/01/2023 22:02:25] [Start] Fluxo de conversação possui (2 respostas),    Rodando...
[31/01/2023 22:02:36] [Recebido] de: 556593291981@c.us, reply_id: 1, parent: 0, pattern: /hi/, input: hi
[31/01/2023 22:06:52] [Init] Starting chatbot...
[31/01/2023 22:07:06] [Start] Fluxo de conversação possui (2 respostas),    Rodando...
[31/01/2023 22:08:10] [Init] Starting chatbot...
[31/01/2023 22:08:25] [Start] Fluxo de conversação possui (2 respostas),    Rodando...
[31/01/2023 22:08:50] [Init] Starting chatbot...
[31/01/2023 22:13:03] [Init] Starting chatbot...
[31/01/2023 22:13:08] [Start] Fluxo de conversação possui (2 respostas),    Rodando...
[31/01/2023 22:13:16] [Init] Starting chatbot...
[31/01/2023 22:14:02] [Init] Starting chatbot...
[31/01/2023 22:14:16] [Start] Fluxo de conversação possui (2 respostas),    Rodando...
[31/01/2023 22:15:03] [Init] Starting chatbot...
[31/01/2023 22:15:18] [Start] Fluxo de conversação possui (2 respostas),    Rodando...
[31/01/2023 22:15:36] [Init] Starting chatbot...
[31/01/2023 22:17:54] [Init] Starting chatbot...
[31/01/2023 22:18:08] [Start] Fluxo de conversação possui (2 respostas),    Rodando...
[31/01/2023 22:18:15] [Init] Starting chatbot...
[31/01/2023 22:24:17] [Init] Starting chatbot...
[31/01/2023 22:24:32] [Start] Fluxo de conversação possui (2 respostas),    Rodando...
[31/01/2023 22:24:58] [Init] Starting chatbot...
[31/01/2023 22:26:56] [Init] Starting chatbot...
[31/01/2023 22:27:00] [Start] Fluxo de conversação possui (2 respostas),    Rodando...
[31/01/2023 22:27:42] [Init] Starting chatbot...
[31/01/2023 22:27:54] [Init] Starting chatbot...
[31/01/2023 22:27:56] [Start] Fluxo de conversação possui (2 respostas),    Rodando...
[31/01/2023 22:30:06] [Init] Starting chatbot...
[31/01/2023 22:30:10] [Init] Starting chatbot...
[31/01/2023 22:30:20] [Start] Fluxo de conversação possui (2 respostas),    Rodando...
[31/01/2023 22:36:56] [Init] Starting chatbot...
[01/02/2023 19:22:23] [Init] Starting chatbot...
[01/02/2023 19:22:38] [Start] Fluxo de conversação possui (2 respostas),    Rodando...
[01/02/2023 19:23:58] [Init] Starting chatbot...
[01/02/2023 19:24:12] [Start] Fluxo de conversação possui (2 respostas),    Rodando...
[01/02/2023 19:24:24] [Init] Starting chatbot...
[01/02/2023 19:37:48] [Init] Starting chatbot...
[01/02/2023 19:37:53] [Start] Fluxo de conversação possui (2 respostas),    Rodando...
[01/02/2023 19:38:04] [Init] Starting chatbot...
[01/02/2023 19:38:18] [Start] Fluxo de conversação possui (2 respostas),    Rodando...
[01/02/2023 19:38:36] [Init] Starting chatbot...
[01/02/2023 19:38:50] [Start] Fluxo de conversação possui (2 respostas),    Rodando...
[01/02/2023 20:19:25] [Init] Starting chatbot...
[01/02/2023 20:19:50] [Start] Fluxo de conversação possui (2 respostas),    Rodando...
[01/02/2023 20:20:31] [Init] Starting chatbot...
[01/02/2023 20:23:08] [Init] Starting chatbot...
[01/02/2023 20:23:30] [Init] Starting chatbot...
[01/02/2023 20:28:58] [Init] Starting chatbot...
[01/02/2023 20:30:54] [Init] Starting chatbot...
[01/02/2023 20:31:40] [Start] Fluxo de conversação possui (2 respostas),    Rodando...
[01/02/2023 20:32:01] [Init] Starting chatbot...
[01/02/2023 20:32:15] [Start] Fluxo de conversação possui (2 respostas),    Rodando...
[01/02/2023 20:36:35] [Init] Starting chatbot...
[01/02/2023 20:59:46] [Init] Starting chatbot...
[01/02/2023 21:00:36] [Start] Fluxo de conversação possui (2 respostas),    Rodando...
[20/10/2024, 10:36:36] [Init] Starting chatbot...
[20/10/2024, 10:37:08] [Init] Starting chatbot...
[20/10/2024, 10:38:13] [Init] Starting chatbot...
[20/10/2024, 10:39:53] [Init] Starting chatbot...
[20/10/2024, 10:40:54] [Init] Starting chatbot...
[20/10/2024, 13:11:51] [Init] Starting chatbot...
[20/10/2024, 13:14:17] [Init] Starting chatbot...
[20/10/2024, 13:16:38] [Init] Starting chatbot...
[20/10/2024, 13:19:07] [Init] Starting chatbot...
[20/10/2024, 13:20:13] [Init] Starting chatbot...
[20/10/2024, 13:21:18] [Init] Starting chatbot...
[20/10/2024, 13:25:20] [Init] Starting chatbot...
[20/10/2024, 13:26:11] [Init] Starting chatbot...
[20/10/2024, 13:26:47] [Init] Starting chatbot...
[20/10/2024, 13:27:19] [Init] Starting chatbot...
[20/10/2024, 13:28:43] [Init] Starting chatbot...
[20/10/2024, 13:29:48] [Init] Starting chatbot...
[20/10/2024, 13:31:47] [Init] Starting chatbot...
[20/10/2024, 13:32:38] [Start] Fluxo de conversação possui (4 respostas),    Rodando...
[20/10/2024, 13:33:02] [Recebido] de: 556593291981@c.us, reply_id: 1, parent: 0, pattern: /.*/, input: oi
[20/10/2024, 13:33:02] [Error] (sendButtons): 404
[21/10/2024, 20:53:31] [Init] Starting chatbot...
[21/10/2024, 20:56:24] [Init] Starting chatbot...
[21/10/2024, 20:56:56] [Start] Fluxo de conversação possui (4 respostas),    Rodando...
[21/10/2024, 20:57:09] [Recebido] de: 556593291981@c.us, reply_id: 1, parent: 0, pattern: /.*/, input: oi
[21/10/2024, 20:57:10] [Error] (sendButtons): 404
[21/10/2024, 21:13:43] [Init] Starting chatbot...
[21/10/2024, 21:13:59] [Start] Fluxo de conversação possui (0 respostas),    Rodando...
[21/10/2024, 21:22:32] [Init] Starting chatbot...
[21/10/2024, 21:24:25] [Init] Starting chatbot...
[21/10/2024, 21:24:59] [Start] Fluxo de conversação possui (0 respostas),    Rodando...
[21/10/2024, 21:29:04] [Init] Starting chatbot...
[21/10/2024, 21:29:40] [Start] Fluxo de conversação possui (4 respostas),    Rodando...
[21/10/2024, 21:29:51] [Recebido] de: 556593291981@c.us, reply_id: 1, parent: 0, pattern: /.*/, input: oi
[21/10/2024, 21:34:48] [Init] Starting chatbot...
[21/10/2024, 21:36:26] [Init] Starting chatbot...
[21/10/2024, 21:36:33] [Start] Fluxo de conversação possui (4 respostas),    Rodando...
[21/10/2024, 21:38:53] [Init] Starting chatbot...
[21/10/2024, 21:39:20] [Init] Starting chatbot...
[21/10/2024, 21:39:49] [Start] Fluxo de conversação possui (4 respostas),    Rodando...
[21/10/2024, 21:41:12] [Init] Starting chatbot...
[21/10/2024, 21:41:19] [Start] Fluxo de conversação possui (4 respostas),    Rodando...
[21/10/2024, 21:43:59] [Init] Starting chatbot...
[21/10/2024, 21:44:46] [Init] Starting chatbot...
[21/10/2024, 21:45:14] [Start] Fluxo de conversação possui (4 respostas),    Rodando...
[21/10/2024, 21:45:35] [Recebido] de: 556593291981@c.us, reply_id: 1, parent: 0, pattern: /.*/, input: ak
[21/10/2024, 21:45:48] [Recebido] de: 556593291981@c.us, reply_id: 2, parent: 1, pattern: /website/, input: website
[21/10/2024, 21:45:58] [Recebido] de: 556593291981@c.us, reply_id: 1, parent: 0, pattern: /.*/, input: deixd
[21/10/2024, 21:46:03] [Recebido] de: 556593291981@c.us, reply_id: 3, parent: 1, pattern: /deixe/, input: deixe
[21/10/2024, 21:46:09] [Recebido] de: 556593291981@c.us, reply_id: 4, parent: 3, pattern: /.*/, input: obrigado
[22/10/2024, 19:54:27] [Init] Starting chatbot...
[22/10/2024, 19:54:49] [Start] Fluxo de conversação possui (4 respostas),    Rodando...
[22/10/2024, 19:55:09] [Recebido] de: 556593291981@c.us, reply_id: 1, parent: 0, pattern: /.*/, input: deixe
[22/10/2024, 19:55:17] [Recebido] de: 556593291981@c.us, reply_id: 3, parent: 1, pattern: /deixe/, input: deixe
[22/10/2024, 19:55:24] [Recebido] de: 556593291981@c.us, reply_id: 4, parent: 3, pattern: /.*/, input: obrigado
[22/10/2024, 19:55:36] [Recebido] de: 556593291981@c.us, reply_id: 1, parent: 0, pattern: /.*/, input: oi
[22/10/2024, 19:57:59] [Init] Starting chatbot...
[22/10/2024, 19:58:23] [Start] Fluxo de conversação possui (4 respostas),    Rodando...
[22/10/2024, 19:58:33] [Recebido] de: 556593291981@c.us, reply_id: 1, parent: 0, pattern: /.*/, input: aoba
[22/10/2024, 20:35:26] [Init] Starting chatbot...
[22/10/2024, 20:36:42] [Init] Starting chatbot...
[22/10/2024, 20:39:52] [Init] Starting chatbot...
[22/10/2024, 20:41:13] [Init] Starting chatbot...
[22/10/2024, 20:45:29] [Init] Starting chatbot...
[22/10/2024, 20:46:59] [Init] Starting chatbot...
[22/10/2024, 20:48:11] [Init] Starting chatbot...
[22/10/2024, 20:49:25] [Init] Starting chatbot...
[22/10/2024, 20:51:22] [Init] Starting chatbot...
[22/10/2024, 20:53:32] [Init] Starting chatbot...
[22/10/2024, 20:54:50] [Init] Starting chatbot...
[22/10/2024, 20:58:18] [Init] Starting chatbot...
[22/10/2024, 21:02:08] [Init] Starting chatbot...
[22/10/2024, 21:04:20] [Init] Starting chatbot...
[22/10/2024, 21:07:43] [Init] Starting chatbot...
[22/10/2024, 21:08:36] [Start] Fluxo de conversação possui (4 respostas),    Rodando...
[22/10/2024, 21:09:26] [Recebido] de: 556593291981@c.us, reply_id: 1, parent: 0, pattern: /.*/, input: deixd
[22/10/2024, 21:09:33] [Recebido] de: 556593291981@c.us, reply_id: 3, parent: 1, pattern: /deixe/, input: deixe
[22/10/2024, 21:18:58] [Recebido] de: 556593291981@c.us, reply_id: 4, parent: 3, pattern: /.*/, input: obrigado
[24/10/2024, 00:00:51] [Init] Starting chatbot...
[28/10/2024, 08:20:03] [Init] Starting chatbot...
[28/10/2024, 08:21:21] [Init] Starting chatbot...
[28/10/2024, 08:23:07] [Init] Starting chatbot...
[28/10/2024, 08:28:01] [Init] Starting chatbot...
[28/10/2024, 08:29:23] [Init] Starting chatbot...
[28/10/2024, 08:31:16] [Init] Starting chatbot...
[28/10/2024, 08:33:53] [Init] Starting chatbot...
[28/10/2024, 10:45:34] [Init] Starting chatbot...
[28/10/2024, 10:53:16] [Init] Starting chatbot...
[28/10/2024, 10:56:03] [Init] Starting chatbot...
[28/10/2024, 10:57:12] [Init] Starting chatbot...
[28/10/2024, 10:57:43] [Send] Mensagem enviada para 65993291981
[28/10/2024, 10:59:42] [Init] Starting chatbot...
[28/10/2024, 11:00:12] [Send] Mensagem enviada para 65993291981
[28/10/2024, 11:02:10] [Init] Starting chatbot...
[28/10/2024, 11:02:57] [Send] Mensagem enviada para 65993291981
[28/10/2024, 11:03:01] [Send] Mensagem enviada para 65993291981
[28/10/2024, 11:18:12] [Init] Starting chatbot...
[28/10/2024, 11:21:22] [Init] Starting chatbot...
[28/10/2024, 11:22:03] [Send] Mensagem enviada para 65993291981
[28/10/2024, 11:27:03] [Init] Starting chatbot...
[28/10/2024, 11:31:37] [Init] Starting chatbot...
[28/10/2024, 11:34:13] [Init] Starting chatbot...
[28/10/2024, 11:35:08] [Init] Starting chatbot...
[28/10/2024, 11:35:46] [Send] Mensagem enviada para 65993291981
[04/11/2024, 19:35:42] [Init] Starting chatbot...
[04/11/2024, 19:38:15] [Init] Starting chatbot...
[04/11/2024, 19:47:53] [Init] Starting chatbot...
[04/11/2024, 19:52:58] [Init] Starting chatbot...
[04/11/2024, 19:54:09] [Init] Starting chatbot...
[04/11/2024, 19:54:10] [Init] Starting chatbot...
[05/11/2024, 19:24:56] [Init] Starting chatbot...
[05/11/2024, 19:25:50] [Init] Starting chatbot...
[05/11/2024, 19:34:51] [Init] Starting chatbot...
[05/11/2024, 19:38:20] [Init] Starting chatbot...
[05/11/2024, 19:42:09] [Init] Starting chatbot...
[05/11/2024, 19:44:21] [Init] Starting chatbot...
[05/11/2024, 19:49:15] [Init] Starting chatbot...
[05/11/2024, 19:54:35] [Init] Starting chatbot...
[05/11/2024, 19:58:19] [Init] Starting chatbot...
[05/11/2024, 20:02:57] [Init] Starting chatbot...
[05/11/2024, 20:03:37] [Init] Starting chatbot...
[05/11/2024, 20:06:35] [Init] Starting chatbot...
[05/11/2024, 20:12:19] [Init] Starting chatbot...
[07/11/2024, 19:34:52] [Init] Starting chatbot...
[07/11/2024, 19:36:31] [Send] Mensagem enviada para 65993291981
[07/11/2024, 19:42:45] [Init] Starting chatbot...
[07/11/2024, 19:47:44] [Init] Starting chatbot...
[07/11/2024, 19:49:25] [Init] Starting chatbot...
[07/11/2024, 19:57:54] [Init] Starting chatbot...
[07/11/2024, 20:00:06] [Init] Starting chatbot...
[07/11/2024, 20:07:53] [Init] Starting chatbot...
[07/11/2024, 20:08:38] [Init] Starting chatbot...
[07/11/2024, 20:09:47] [Init] Starting chatbot...
[07/11/2024, 20:22:05] [Init] Starting chatbot...
[07/11/2024, 20:30:26] [Init] Starting chatbot...
[07/11/2024, 20:33:06] [Init] Starting chatbot...
[07/11/2024, 20:36:07] [Init] Starting chatbot...
[07/11/2024, 20:36:38] [Init] Starting chatbot...
[07/11/2024, 20:38:21] [Init] Starting chatbot...
[07/11/2024, 21:54:28] [Init] Starting chatbot...
[07/11/2024, 21:54:42] [Init] Starting chatbot...
[07/11/2024, 21:55:03] [Init] Starting chatbot...
[07/11/2024, 21:59:25] [Init] Starting chatbot...
[07/11/2024, 22:00:56] [Init] Starting chatbot...
[07/11/2024, 22:02:57] [Init] Starting chatbot...
[07/11/2024, 22:03:57] [Init] Starting chatbot...
[07/11/2024, 22:06:29] [Init] Starting chatbot...
[07/11/2024, 22:06:37] [Init] Starting chatbot...
[07/11/2024, 22:07:11] [Init] Starting chatbot...
[07/11/2024, 22:11:08] [Init] Starting chatbot...
[07/11/2024, 22:11:25] [Init] Starting chatbot...
[07/11/2024, 22:18:47] [Init] Starting chatbot...
